<?xml version="1.0" encoding="UTF-8"?>
<testsuite time='0.020800' skipped='0' failures='0' errors='0' name="Basic Condition Validations" assertions='4' tests='2' timestamp="2022-05-26T16:07:14-07:00">
  <testcase time='0.013293' file="test/hammerstone/models/conditions/validations_test.rb" name="test_0001_raises an error if no id is set on the way to front end" assertions='2'>
  </testcase>
  <testcase time='0.007507' file="test/hammerstone/models/conditions/validations_test.rb" name="test_0002_raises an error if no id and no attribute" assertions='2'>
  </testcase>
</testsuite>
