<?xml version="1.0" encoding="UTF-8"?>
<testsuite time='0.000854' skipped='0' failures='0' errors='0' name="Hammerstone::Refine::Conditions::HasClauses::clause ensurances" assertions='1' tests='1' timestamp="2022-04-14T21:03:53-07:00">
  <testcase time='0.000854' file="test/hammerstone/models/clauses/has_clauses_test.rb" name="test_0001_must have a display - nil is overriden with humanized id" assertions='1'>
  </testcase>
</testsuite>
