<?xml version="1.0" encoding="UTF-8"?>
<testsuite time='0.001629' skipped='0' failures='0' errors='0' name="Hammerstone::Refine::Conditions::HasClauses::configuration object to frontend::with and only" assertions='2' tests='2' timestamp="2022-04-14T21:03:53-07:00">
  <testcase time='0.000874' file="test/hammerstone/models/clauses/has_clauses_test.rb" name="test_0001_can add back after only" assertions='1'>
  </testcase>
  <testcase time='0.000755' file="test/hammerstone/models/clauses/has_clauses_test.rb" name="test_0001_can exclude from only" assertions='1'>
  </testcase>
</testsuite>
