<?xml version="1.0" encoding="UTF-8"?>
<testsuite time='0.006052' skipped='0' failures='0' errors='0' name="Clauses Add Rules" assertions='1' tests='1' timestamp="2022-05-26T16:22:44-07:00">
  <testcase time='0.006052' file="test/hammerstone/models/clauses/clauses_add_rules_test.rb" name="test_0001_a clause can add rules that are enforced" assertions='1'>
  </testcase>
</testsuite>
