<?xml version="1.0" encoding="UTF-8"?>
<testsuite time='0.021655' skipped='0' failures='0' errors='0' name="Hammerstone::Refine::Conditions::BooleanCondition::clause application" assertions='6' tests='6' timestamp="2022-05-26T16:16:01-07:00">
  <testcase time='0.003686' file="test/hammerstone/models/conditions/boolean_condition_test.rb" name="test_0001_handles clause true" assertions='1'>
  </testcase>
  <testcase time='0.002851' file="test/hammerstone/models/conditions/boolean_condition_test.rb" name="test_0006_handles false nulls" assertions='1'>
  </testcase>
  <testcase time='0.003062' file="test/hammerstone/models/conditions/boolean_condition_test.rb" name="test_0002_handles clause false" assertions='1'>
  </testcase>
  <testcase time='0.004226' file="test/hammerstone/models/conditions/boolean_condition_test.rb" name="test_0003_handles clause not set" assertions='1'>
  </testcase>
  <testcase time='0.003975' file="test/hammerstone/models/conditions/boolean_condition_test.rb" name="test_0005_handles true nulls" assertions='1'>
  </testcase>
  <testcase time='0.003855' file="test/hammerstone/models/conditions/boolean_condition_test.rb" name="test_0004_handles clause set" assertions='1'>
  </testcase>
</testsuite>
