<?xml version="1.0" encoding="UTF-8"?>
<testsuite time='0.049430' skipped='0' failures='0' errors='0' name="Hammerstone::Refine::Conditions::OptionCondition::Option ensurances" assertions='6' tests='3' timestamp="2022-06-08T12:51:14-07:00">
  <testcase time='0.025319' file="test/hammerstone/models/conditions/option_condition_test.rb" name="test_0002_must have a display" assertions='2'>
  </testcase>
  <testcase time='0.008281' file="test/hammerstone/models/conditions/option_condition_test.rb" name="test_0003_does not allow for duplicates" assertions='2'>
  </testcase>
  <testcase time='0.015830' file="test/hammerstone/models/conditions/option_condition_test.rb" name="test_0001_must have id" assertions='2'>
  </testcase>
</testsuite>
