<?xml version="1.0" encoding="UTF-8"?>
<testsuite time='0.000042' skipped='0' failures='0' errors='0' name="User Meta on Conditions" assertions='4' tests='3' timestamp="2022-04-14T21:03:53-07:00">
  <testcase time='0.000022' file="test/hammerstone/models/conditions/meta_test.rb" name="test_0002_handles nested procs" assertions='1'>
  </testcase>
  <testcase time='0.000010' file="test/hammerstone/models/conditions/meta_test.rb" name="test_0003_can add meta later in lifecycle" assertions='1'>
  </testcase>
  <testcase time='0.000010' file="test/hammerstone/models/conditions/meta_test.rb" name="test_0001_deconstructs meta single level" assertions='2'>
  </testcase>
</testsuite>
