<?xml version="1.0" encoding="UTF-8"?>
<testsuite time='0.000023' skipped='0' failures='0' errors='0' name="Hammerstone::Refine::Blueprints::Blueprint::basic filter with nested groups" assertions='1' tests='1' timestamp="2022-04-14T21:03:53-07:00">
  <testcase time='0.000023' file="test/hammerstone/models/blueprint/builder_test.rb" name="test_0001_creates blueprint" assertions='1'>
  </testcase>
</testsuite>
