<?xml version="1.0" encoding="UTF-8"?>
<testsuite time='0.038934' skipped='0' failures='2' errors='0' name="Refinements::Count Refinement" assertions='3' tests='3' timestamp="2022-05-26T16:07:14-07:00">
  <testcase time='0.007398' file="test/hammerstone/models/conditions/refinement_test.rb" name="test_0003_can control clauses" assertions='1'>
  </testcase>
  <testcase time='0.017000' file="test/hammerstone/models/conditions/refinement_test.rb" name="test_0001_can use refine_by_count" assertions='1'>
    <failure type='Minitest::Assertion' message="--- expected&#13;&#10;+++ actual&#13;&#10;@@ -1 +1 @@&#13;&#10;-&quot;SELECT \\&quot;hammerstone_contacts\\&quot;.* FROM \\&quot;hammerstone_contacts\\&quot; WHERE (\\&quot;hammerstone_contacts\\&quot;.\\&quot;id\\&quot; IN (SELECT \\&quot;hammerstone_events\\&quot;.\\&quot;hammerstone_contact_id\\&quot; FROM \\&quot;hammerstone_events\\&quot; WHERE (\\&quot;hammerstone_events\\&quot;.\\&quot;type\\&quot; = &#39;Networking Event&#39;) GROUP BY \\&quot;hammerstone_events\\&quot;.\\&quot;hammerstone_contact_id\\&quot; HAVING COUNT(*) BETWEEN &#39;1&#39; AND &#39;10&#39;))&quot;&#13;&#10;+&quot;SELECT `hammerstone_contacts`.* FROM `hammerstone_contacts` WHERE (`hammerstone_contacts`.`id` IN (SELECT `hammerstone_events`.`hammerstone_contact_id` FROM `hammerstone_events` WHERE (`hammerstone_events`.`type` = &#39;Networking Event&#39;) GROUP BY `hammerstone_events`.`hammerstone_contact_id` HAVING COUNT(*) BETWEEN &#39;1&#39; AND &#39;10&#39;))&quot;&#13;&#10;">/Users/colleenschnettler/Documents/Documents/Developer/Hammerstone/refine-rails/test/hammerstone/models/conditions/refinement_test.rb:128:in `block (3 levels) in &lt;module:Conditions&gt;&#39;
    </failure>
  </testcase>
  <testcase time='0.014536' file="test/hammerstone/models/conditions/refinement_test.rb" name="test_0002_is not impacted by attribute" assertions='1'>
    <failure type='Minitest::Assertion' message="--- expected&#13;&#10;+++ actual&#13;&#10;@@ -1 +1 @@&#13;&#10;-&quot;SELECT \\&quot;hammerstone_contacts\\&quot;.* FROM \\&quot;hammerstone_contacts\\&quot; WHERE (\\&quot;hammerstone_contacts\\&quot;.\\&quot;id\\&quot; IN (SELECT \\&quot;hammerstone_events\\&quot;.\\&quot;hammerstone_contact_id\\&quot; FROM \\&quot;hammerstone_events\\&quot; WHERE (\\&quot;hammerstone_events\\&quot;.\\&quot;type\\&quot; = &#39;Networking Event&#39;) GROUP BY \\&quot;hammerstone_events\\&quot;.\\&quot;hammerstone_contact_id\\&quot; HAVING COUNT(*) BETWEEN &#39;1&#39; AND &#39;10&#39;))&quot;&#13;&#10;+&quot;SELECT `hammerstone_contacts`.* FROM `hammerstone_contacts` WHERE (`hammerstone_contacts`.`id` IN (SELECT `hammerstone_events`.`hammerstone_contact_id` FROM `hammerstone_events` WHERE (`hammerstone_events`.`type` = &#39;Networking Event&#39;) GROUP BY `hammerstone_events`.`hammerstone_contact_id` HAVING COUNT(*) BETWEEN &#39;1&#39; AND &#39;10&#39;))&quot;&#13;&#10;">/Users/colleenschnettler/Documents/Documents/Developer/Hammerstone/refine-rails/test/hammerstone/models/conditions/refinement_test.rb:152:in `block (3 levels) in &lt;module:Conditions&gt;&#39;
    </failure>
  </testcase>
</testsuite>
