<?xml version="1.0" encoding="UTF-8"?>
<testsuite time='25.348685' skipped='0' failures='0' errors='1' name="Hammerstone::Refine::Conditions::OptionCondition::Clause In" assertions='0' tests='1' timestamp="2022-06-08T13:07:34-07:00">
  <testcase time='25.348685' file="test/hammerstone/models/conditions/option_condition_test.rb" name="test_0001_works with two ints as strings" assertions='0'>
    <error type='Arel::Visitors::UnsupportedVisitError' message="Unsupported argument type: NilClass. Construct an Arel node instead.">/Users/colleenschnettler/.rbenv/versions/2.7.4/lib/ruby/gems/2.7.0/gems/activerecord-7.0.2.3/lib/arel/visitors/to_sql.rb:760:in `unsupported&#39;
/Users/colleenschnettler/.rbenv/versions/2.7.4/lib/ruby/gems/2.7.0/gems/activerecord-7.0.2.3/lib/arel/visitors/visitor.rb:30:in `visit&#39;
/Users/colleenschnettler/.rbenv/versions/2.7.4/lib/ruby/gems/2.7.0/gems/activerecord-7.0.2.3/lib/arel/visitors/to_sql.rb:329:in `visit_Arel_Nodes_Grouping&#39;
/Users/colleenschnettler/.rbenv/versions/2.7.4/lib/ruby/gems/2.7.0/gems/activerecord-7.0.2.3/lib/arel/visitors/visitor.rb:30:in `visit&#39;
/Users/colleenschnettler/.rbenv/versions/2.7.4/lib/ruby/gems/2.7.0/gems/activerecord-7.0.2.3/lib/arel/visitors/to_sql.rb:827:in `block in inject_join&#39;
/Users/colleenschnettler/.rbenv/versions/2.7.4/lib/ruby/gems/2.7.0/gems/activerecord-7.0.2.3/lib/arel/visitors/to_sql.rb:825:in `each&#39;
/Users/colleenschnettler/.rbenv/versions/2.7.4/lib/ruby/gems/2.7.0/gems/activerecord-7.0.2.3/lib/arel/visitors/to_sql.rb:825:in `each_with_index&#39;
/Users/colleenschnettler/.rbenv/versions/2.7.4/lib/ruby/gems/2.7.0/gems/activerecord-7.0.2.3/lib/arel/visitors/to_sql.rb:825:in `inject_join&#39;
/Users/colleenschnettler/.rbenv/versions/2.7.4/lib/ruby/gems/2.7.0/gems/activerecord-7.0.2.3/lib/arel/visitors/to_sql.rb:179:in `collect_nodes_for&#39;
/Users/colleenschnettler/.rbenv/versions/2.7.4/lib/ruby/gems/2.7.0/gems/activerecord-7.0.2.3/lib/arel/visitors/to_sql.rb:159:in `visit_Arel_Nodes_SelectCore&#39;
/Users/colleenschnettler/.rbenv/versions/2.7.4/lib/ruby/gems/2.7.0/gems/activerecord-7.0.2.3/lib/arel/visitors/mysql.rb:30:in `visit_Arel_Nodes_SelectCore&#39;
/Users/colleenschnettler/.rbenv/versions/2.7.4/lib/ruby/gems/2.7.0/gems/activerecord-7.0.2.3/lib/arel/visitors/to_sql.rb:124:in `block in visit_Arel_Nodes_SelectStatement&#39;
/Users/colleenschnettler/.rbenv/versions/2.7.4/lib/ruby/gems/2.7.0/gems/activerecord-7.0.2.3/lib/arel/visitors/to_sql.rb:123:in `each&#39;
/Users/colleenschnettler/.rbenv/versions/2.7.4/lib/ruby/gems/2.7.0/gems/activerecord-7.0.2.3/lib/arel/visitors/to_sql.rb:123:in `inject&#39;
/Users/colleenschnettler/.rbenv/versions/2.7.4/lib/ruby/gems/2.7.0/gems/activerecord-7.0.2.3/lib/arel/visitors/to_sql.rb:123:in `visit_Arel_Nodes_SelectStatement&#39;
/Users/colleenschnettler/.rbenv/versions/2.7.4/lib/ruby/gems/2.7.0/gems/activerecord-7.0.2.3/lib/arel/visitors/mysql.rb:25:in `visit_Arel_Nodes_SelectStatement&#39;
/Users/colleenschnettler/.rbenv/versions/2.7.4/lib/ruby/gems/2.7.0/gems/activerecord-7.0.2.3/lib/arel/visitors/visitor.rb:30:in `visit&#39;
/Users/colleenschnettler/.rbenv/versions/2.7.4/lib/ruby/gems/2.7.0/gems/activerecord-7.0.2.3/lib/arel/visitors/visitor.rb:11:in `accept&#39;
/Users/colleenschnettler/.rbenv/versions/2.7.4/lib/ruby/gems/2.7.0/gems/activerecord-7.0.2.3/lib/arel/visitors/to_sql.rb:18:in `compile&#39;
/Users/colleenschnettler/.rbenv/versions/2.7.4/lib/ruby/gems/2.7.0/gems/activerecord-7.0.2.3/lib/active_record/connection_adapters/abstract/database_statements.rb:37:in `to_sql_and_binds&#39;
/Users/colleenschnettler/.rbenv/versions/2.7.4/lib/ruby/gems/2.7.0/gems/activerecord-7.0.2.3/lib/active_record/connection_adapters/abstract/database_statements.rb:13:in `to_sql&#39;
/Users/colleenschnettler/.rbenv/versions/2.7.4/lib/ruby/gems/2.7.0/gems/activerecord-7.0.2.3/lib/active_record/relation.rb:731:in `block in to_sql&#39;
/Users/colleenschnettler/.rbenv/versions/2.7.4/lib/ruby/gems/2.7.0/gems/activerecord-7.0.2.3/lib/active_record/connection_adapters/abstract_adapter.rb:285:in `unprepared_statement&#39;
/Users/colleenschnettler/.rbenv/versions/2.7.4/lib/ruby/gems/2.7.0/gems/activerecord-7.0.2.3/lib/active_record/relation.rb:731:in `to_sql&#39;
/Users/colleenschnettler/Documents/Documents/Developer/Hammerstone/refine-rails/test/hammerstone/models/conditions/option_condition_test.rb:131:in `block (3 levels) in &lt;module:Conditions&gt;&#39;
    </error>
  </testcase>
</testsuite>
