<?xml version="1.0" encoding="UTF-8"?>
<testsuite time='0.004440' skipped='0' failures='0' errors='0' name="Hammerstone::Refine::Filter::basic filter with groups" assertions='1' tests='1' timestamp="2022-05-26T16:22:44-07:00">
  <testcase time='0.004440' file="test/hammerstone/models/filters/basic_filter_test.rb" name="test_0001_creates filter" assertions='1'>
  </testcase>
</testsuite>
