<?xml version="1.0" encoding="UTF-8"?>
<testsuite time='0.002945' skipped='0' failures='0' errors='1' name="Automatic Stabilization Test" assertions='4' tests='4' timestamp="2022-04-14T21:03:53-07:00">
  <testcase time='0.002521' file="test/hammerstone/models/stabilizers/automatic_stabilization_test.rb" name="test_0002_can use a different stabilizer" assertions='1'>
  </testcase>
  <testcase time='0.000043' file="test/hammerstone/models/stabilizers/automatic_stabilization_test.rb" name="test_0003_doesn&#39;t stabilize if method is not overriden" assertions='0'>
    <error type='NameError' message="uninitialized constant BlankTestFilter::Scaffolding">/Users/colleenschnettler/Documents/Documents/Developer/Hammerstone/refine-rails/test/support/hammerstone/blank_test_filter.rb:11:in `initialize&#39;
/Users/colleenschnettler/Documents/Documents/Developer/Hammerstone/refine-rails/test/hammerstone/models/stabilizers/automatic_stabilization_test.rb:31:in `new&#39;
/Users/colleenschnettler/Documents/Documents/Developer/Hammerstone/refine-rails/test/hammerstone/models/stabilizers/automatic_stabilization_test.rb:31:in `block (2 levels) in &lt;module:Stabilizers&gt;&#39;
    </error>
  </testcase>
  <testcase time='0.000266' file="test/hammerstone/models/stabilizers/automatic_stabilization_test.rb" name="test_0001_stabilizes when default stable id is used" assertions='1'>
  </testcase>
  <testcase time='0.000115' file="test/hammerstone/models/stabilizers/automatic_stabilization_test.rb" name="test_0004_throws error if automatic stabilization is true but nothing set" assertions='2'>
  </testcase>
</testsuite>
