<?xml version="1.0" encoding="UTF-8"?>
<testsuite time='0.003752' skipped='0' failures='0' errors='0' name="Hammerstone::Refine::Conditions::HasClauses::clause ensurances" assertions='1' tests='1' timestamp="2022-05-26T16:22:44-07:00">
  <testcase time='0.003752' file="test/hammerstone/models/clauses/has_clauses_test.rb" name="test_0001_must have a display - nil is overriden with humanized id" assertions='1'>
  </testcase>
</testsuite>
