<?xml version="1.0" encoding="UTF-8"?>
<testsuite time='0.033801' skipped='0' failures='0' errors='0' name="Refinements::Count Refinement" assertions='3' tests='3' timestamp="2022-05-26T16:22:44-07:00">
  <testcase time='0.014762' file="test/hammerstone/models/conditions/refinement_test.rb" name="test_0001_can use refine_by_count" assertions='1'>
  </testcase>
  <testcase time='0.009586' file="test/hammerstone/models/conditions/refinement_test.rb" name="test_0002_is not impacted by attribute" assertions='1'>
  </testcase>
  <testcase time='0.009453' file="test/hammerstone/models/conditions/refinement_test.rb" name="test_0003_can control clauses" assertions='1'>
  </testcase>
</testsuite>
