<?xml version="1.0" encoding="UTF-8"?>
<testsuite time='0.000390' skipped='0' failures='0' errors='0' name="Has Clauses::No remapping" assertions='2' tests='1' timestamp="2022-05-26T16:22:44-07:00">
  <testcase time='0.000390' file="test/hammerstone/models/clauses/display_remapping_test.rb" name="test_0001_sticks to humanized id" assertions='2'>
  </testcase>
</testsuite>
