<?xml version="1.0" encoding="UTF-8"?>
<testsuite time='0.000732' skipped='0' failures='0' errors='1' name="Hammerstone::Refine::Filter::Validate only" assertions='0' tests='1' timestamp="2022-04-14T21:03:53-07:00">
  <testcase time='0.000732' file="test/hammerstone/models/filters/validate_only_test.rb" name="test_0001_throws an error if not initial query is sent in but can still validate" assertions='0'>
    <error type='NameError' message="uninitialized constant FilterTestHelper::Cf2BlankTestFilter">/Users/colleenschnettler/Documents/Documents/Developer/Hammerstone/refine-rails/test/support/hammerstone/filter_test_helper.rb:26:in `create_filter_CF2&#39;
/Users/colleenschnettler/Documents/Documents/Developer/Hammerstone/refine-rails/test/hammerstone/models/filters/validate_only_test.rb:17:in `block (3 levels) in &lt;top (required)&gt;&#39;
    </error>
  </testcase>
</testsuite>
