<?xml version="1.0" encoding="UTF-8"?>
<testsuite time='0.032876' skipped='0' failures='1' errors='0' name="Refinements::Date and Count refinements together" assertions='2' tests='2' timestamp="2022-05-26T16:07:14-07:00">
  <testcase time='0.016309' file="test/hammerstone/models/conditions/refinement_test.rb" name="test_0001_sends correct configuration to the front end" assertions='1'>
  </testcase>
  <testcase time='0.016567' file="test/hammerstone/models/conditions/refinement_test.rb" name="test_0002_can use both" assertions='1'>
    <failure type='Minitest::Assertion' message="--- expected&#13;&#10;+++ actual&#13;&#10;@@ -1 +1 @@&#13;&#10;-&quot;SELECT \\&quot;hammerstone_contacts\\&quot;.* FROM \\&quot;hammerstone_contacts\\&quot; WHERE (\\&quot;hammerstone_contacts\\&quot;.\\&quot;id\\&quot; IN (SELECT \\&quot;hammerstone_events\\&quot;.\\&quot;hammerstone_contact_id\\&quot; FROM \\&quot;hammerstone_events\\&quot; WHERE (\\&quot;hammerstone_events\\&quot;.\\&quot;type\\&quot; = &#39;Networking Event&#39;) AND (\\&quot;hammerstone_events\\&quot;.\\&quot;created_at\\&quot; BETWEEN &#39;2021-01-01 00:00:00&#39; AND &#39;2021-02-01 23:59:59.999999&#39;) GROUP BY \\&quot;hammerstone_events\\&quot;.\\&quot;hammerstone_contact_id\\&quot; HAVING COUNT(*) BETWEEN &#39;1&#39; AND &#39;10&#39;))&quot;&#13;&#10;+&quot;SELECT `hammerstone_contacts`.* FROM `hammerstone_contacts` WHERE (`hammerstone_contacts`.`id` IN (SELECT `hammerstone_events`.`hammerstone_contact_id` FROM `hammerstone_events` WHERE (`hammerstone_events`.`type` = &#39;Networking Event&#39;) AND (`hammerstone_events`.`created_at` BETWEEN &#39;2021-01-01 00:00:00&#39; AND &#39;2021-02-01 23:59:59.999999&#39;) GROUP BY `hammerstone_events`.`hammerstone_contact_id` HAVING COUNT(*) BETWEEN &#39;1&#39; AND &#39;10&#39;))&quot;&#13;&#10;">/Users/colleenschnettler/Documents/Documents/Developer/Hammerstone/refine-rails/test/hammerstone/models/conditions/refinement_test.rb:212:in `block (3 levels) in &lt;module:Conditions&gt;&#39;
    </failure>
  </testcase>
</testsuite>
