<?xml version="1.0" encoding="UTF-8"?>
<testsuite time='0.007249' skipped='0' failures='0' errors='0' name="Hammerstone::Refine::Conditions::DateCondition::clause application::Set/Not Set" assertions='2' tests='2' timestamp="2022-05-26T16:16:01-07:00">
  <testcase time='0.003633' file="test/hammerstone/models/conditions/date_condition_test.rb" name="test_0001_executes set" assertions='1'>
  </testcase>
  <testcase time='0.003616' file="test/hammerstone/models/conditions/date_condition_test.rb" name="test_0002_executes not set" assertions='1'>
  </testcase>
</testsuite>
