<?xml version="1.0" encoding="UTF-8"?>
<testsuite time='0.067110' skipped='0' failures='0' errors='0' name="Hammerstone::Refine::Conditions::NumericCondition" assertions='12' tests='12' timestamp="2022-05-26T16:22:44-07:00">
  <testcase time='0.005048' file="test/hammerstone/models/conditions/numeric_condition_test.rb" name="test_0009_handles clause CLAUSE SET" assertions='1'>
  </testcase>
  <testcase time='0.005664' file="test/hammerstone/models/conditions/numeric_condition_test.rb" name="test_0010_handles clause CLAUSE NOT SET" assertions='1'>
  </testcase>
  <testcase time='0.005555' file="test/hammerstone/models/conditions/numeric_condition_test.rb" name="test_0008_handles clause CLAUSE BETWEEN" assertions='1'>
  </testcase>
  <testcase time='0.007332' file="test/hammerstone/models/conditions/numeric_condition_test.rb" name="test_0011_handles clause CLAUSE DOESNT EQUAL" assertions='1'>
  </testcase>
  <testcase time='0.005180' file="test/hammerstone/models/conditions/numeric_condition_test.rb" name="test_0005_handles clause GREATER THAN OR EQUAL" assertions='1'>
  </testcase>
  <testcase time='0.005705' file="test/hammerstone/models/conditions/numeric_condition_test.rb" name="test_0004_handles clause GREATER THAN" assertions='1'>
  </testcase>
  <testcase time='0.006294' file="test/hammerstone/models/conditions/numeric_condition_test.rb" name="test_0006_handles clause LESS THAN" assertions='1'>
  </testcase>
  <testcase time='0.004843' file="test/hammerstone/models/conditions/numeric_condition_test.rb" name="test_0002_allows floats if floats are set" assertions='1'>
  </testcase>
  <testcase time='0.006570' file="test/hammerstone/models/conditions/numeric_condition_test.rb" name="test_0001_adds error if value is float without explicitly setting floats" assertions='1'>
  </testcase>
  <testcase time='0.004885' file="test/hammerstone/models/conditions/numeric_condition_test.rb" name="test_0003_handles clause EQUALS" assertions='1'>
  </testcase>
  <testcase time='0.004899' file="test/hammerstone/models/conditions/numeric_condition_test.rb" name="test_0012_handles clause CLAUSE NOT BETWEEN" assertions='1'>
  </testcase>
  <testcase time='0.005135' file="test/hammerstone/models/conditions/numeric_condition_test.rb" name="test_0007_handles clause LESS THAN OR EQUAL" assertions='1'>
  </testcase>
</testsuite>
