<?xml version="1.0" encoding="UTF-8"?>
<testsuite time='0.044626' skipped='0' failures='1' errors='0' name="Hammerstone::Refine::Filter::basic filters with ors" assertions='1' tests='1' timestamp="2022-05-26T16:07:14-07:00">
  <testcase time='0.044626' file="test/hammerstone/models/filters/basic_filter_test.rb" name="test_0001_gets correct query" assertions='1'>
    <failure type='Minitest::Assertion' message="--- expected&#13;&#10;+++ actual&#13;&#10;@@ -1 +1 @@&#13;&#10;-&quot;SELECT `t`.* FROM `t` WHERE ((`t`.`text_field_value` = &#39;aaron&#39;) OR (`t`.`text_field_value` = &#39;aa&#39;))&quot;&#13;&#10;+&quot;SELECT \\&quot;t\\&quot;.* FROM \\&quot;t\\&quot; WHERE ((\\&quot;t\\&quot;.\\&quot;text_field_value\\&quot; = &#39;aaron&#39;) OR (\\&quot;t\\&quot;.\\&quot;text_field_value\\&quot; = &#39;aa&#39;))&quot;&#13;&#10;">/Users/colleenschnettler/Documents/Documents/Developer/Hammerstone/refine-rails/test/hammerstone/models/filters/basic_filter_test.rb:44:in `block (3 levels) in &lt;top (required)&gt;&#39;
    </failure>
  </testcase>
</testsuite>
