<?xml version="1.0" encoding="UTF-8"?>
<testsuite time='0.001090' skipped='0' failures='0' errors='0' name="Validates Clause::ensurance (developer side) validations" assertions='2' tests='1' timestamp="2022-04-14T21:03:53-07:00">
  <testcase time='0.001090' file="test/hammerstone/models/clauses/validates_clauses_test.rb" name="test_0001_fails if no id is given by the developer" assertions='2'>
  </testcase>
</testsuite>
