<?xml version="1.0" encoding="UTF-8"?>
<testsuite time='0.026568' skipped='0' failures='0' errors='0' name="Hammerstone::Refine::Conditions::BooleanCondition::clause application" assertions='6' tests='6' timestamp="2022-05-26T16:22:44-07:00">
  <testcase time='0.003788' file="test/hammerstone/models/conditions/boolean_condition_test.rb" name="test_0004_handles clause set" assertions='1'>
  </testcase>
  <testcase time='0.003341' file="test/hammerstone/models/conditions/boolean_condition_test.rb" name="test_0001_handles clause true" assertions='1'>
  </testcase>
  <testcase time='0.004160' file="test/hammerstone/models/conditions/boolean_condition_test.rb" name="test_0002_handles clause false" assertions='1'>
  </testcase>
  <testcase time='0.004375' file="test/hammerstone/models/conditions/boolean_condition_test.rb" name="test_0006_handles false nulls" assertions='1'>
  </testcase>
  <testcase time='0.004411' file="test/hammerstone/models/conditions/boolean_condition_test.rb" name="test_0003_handles clause not set" assertions='1'>
  </testcase>
  <testcase time='0.006493' file="test/hammerstone/models/conditions/boolean_condition_test.rb" name="test_0005_handles true nulls" assertions='1'>
  </testcase>
</testsuite>
