<?xml version="1.0" encoding="UTF-8"?>
<testsuite time='0.029025' skipped='0' failures='0' errors='0' name="Hammerstone::Refine::Filter::basic filters with ands" assertions='1' tests='1' timestamp="2022-05-26T16:24:36-07:00">
  <testcase time='0.029025' file="test/hammerstone/models/filters/basic_filter_test.rb" name="test_0001_gets correct query" assertions='1'>
  </testcase>
</testsuite>
