<?xml version="1.0" encoding="UTF-8"?>
<testsuite time='0.063514' skipped='0' failures='0' errors='0' name="Hammerstone::Refine::Conditions::NumericCondition" assertions='12' tests='12' timestamp="2022-05-26T16:16:01-07:00">
  <testcase time='0.003401' file="test/hammerstone/models/conditions/numeric_condition_test.rb" name="test_0012_handles clause CLAUSE NOT BETWEEN" assertions='1'>
  </testcase>
  <testcase time='0.005012' file="test/hammerstone/models/conditions/numeric_condition_test.rb" name="test_0003_handles clause EQUALS" assertions='1'>
  </testcase>
  <testcase time='0.003928' file="test/hammerstone/models/conditions/numeric_condition_test.rb" name="test_0010_handles clause CLAUSE NOT SET" assertions='1'>
  </testcase>
  <testcase time='0.003872' file="test/hammerstone/models/conditions/numeric_condition_test.rb" name="test_0006_handles clause LESS THAN" assertions='1'>
  </testcase>
  <testcase time='0.004562' file="test/hammerstone/models/conditions/numeric_condition_test.rb" name="test_0008_handles clause CLAUSE BETWEEN" assertions='1'>
  </testcase>
  <testcase time='0.005167' file="test/hammerstone/models/conditions/numeric_condition_test.rb" name="test_0004_handles clause GREATER THAN" assertions='1'>
  </testcase>
  <testcase time='0.007918' file="test/hammerstone/models/conditions/numeric_condition_test.rb" name="test_0001_adds error if value is float without explicitly setting floats" assertions='1'>
  </testcase>
  <testcase time='0.005026' file="test/hammerstone/models/conditions/numeric_condition_test.rb" name="test_0009_handles clause CLAUSE SET" assertions='1'>
  </testcase>
  <testcase time='0.005965' file="test/hammerstone/models/conditions/numeric_condition_test.rb" name="test_0005_handles clause GREATER THAN OR EQUAL" assertions='1'>
  </testcase>
  <testcase time='0.009428' file="test/hammerstone/models/conditions/numeric_condition_test.rb" name="test_0011_handles clause CLAUSE DOESNT EQUAL" assertions='1'>
  </testcase>
  <testcase time='0.004689' file="test/hammerstone/models/conditions/numeric_condition_test.rb" name="test_0002_allows floats if floats are set" assertions='1'>
  </testcase>
  <testcase time='0.004546' file="test/hammerstone/models/conditions/numeric_condition_test.rb" name="test_0007_handles clause LESS THAN OR EQUAL" assertions='1'>
  </testcase>
</testsuite>
