<?xml version="1.0" encoding="UTF-8"?>
<testsuite time='0.001449' skipped='0' failures='0' errors='0' name="Hammerstone::Refine::Conditions::DateWithTimeCondition::set attribute to datewithtime" assertions='1' tests='1' timestamp="2022-04-14T21:03:53-07:00">
  <testcase time='0.001449' file="test/hammerstone/models/conditions/date_with_time_condition_test.rb" name="test_0001_correctly creates single day query" assertions='1'>
  </testcase>
</testsuite>
