<?xml version="1.0" encoding="UTF-8"?>
<testsuite time='0.022090' skipped='0' failures='0' errors='0' name="Validates Clause" assertions='6' tests='6' timestamp="2022-05-26T16:07:14-07:00">
  <testcase time='0.003757' file="test/hammerstone/models/clauses/validates_clauses_test.rb" name="test_0001_fails with no clause id by raising error" assertions='1'>
  </testcase>
  <testcase time='0.003725' file="test/hammerstone/models/clauses/validates_clauses_test.rb" name="test_0002_passes with clause id" assertions='1'>
  </testcase>
  <testcase time='0.004339' file="test/hammerstone/models/clauses/validates_clauses_test.rb" name="test_0006_Returns condition and clause errors when multiple issues" assertions='1'>
  </testcase>
  <testcase time='0.003451' file="test/hammerstone/models/clauses/validates_clauses_test.rb" name="test_0003_validates a clause exists (a clause is required)" assertions='1'>
  </testcase>
  <testcase time='0.003708' file="test/hammerstone/models/clauses/validates_clauses_test.rb" name="test_0004_validates Text Condition Eq has a value" assertions='1'>
  </testcase>
  <testcase time='0.003110' file="test/hammerstone/models/clauses/validates_clauses_test.rb" name="test_0005_excludes clauses using without" assertions='1'>
  </testcase>
</testsuite>
