<?xml version="1.0" encoding="UTF-8"?>
<testsuite time='0.010481' skipped='0' failures='0' errors='0' name="Hammerstone::Refine::Conditions::HasClauses::configuration object to frontend::with and without" assertions='2' tests='2' timestamp="2022-05-26T16:22:44-07:00">
  <testcase time='0.005786' file="test/hammerstone/models/clauses/has_clauses_test.rb" name="test_0001_with adds condition back" assertions='1'>
  </testcase>
  <testcase time='0.004695' file="test/hammerstone/models/clauses/has_clauses_test.rb" name="test_0002_without condition removes from with condition" assertions='1'>
  </testcase>
</testsuite>
