<?xml version="1.0" encoding="UTF-8"?>
<testsuite time='0.031934' skipped='0' failures='0' errors='0' name="Hammerstone::Refine::Conditions::DateWithTimeCondition::simple clause test" assertions='7' tests='7' timestamp="2022-05-26T16:16:01-07:00">
  <testcase time='0.005118' file="test/hammerstone/models/conditions/date_with_time_condition_test.rb" name="test_0003_executes clause greater than from now" assertions='1'>
  </testcase>
  <testcase time='0.004153' file="test/hammerstone/models/conditions/date_with_time_condition_test.rb" name="test_0004_executes clause less than ago" assertions='1'>
  </testcase>
  <testcase time='0.004254' file="test/hammerstone/models/conditions/date_with_time_condition_test.rb" name="test_0006_executes clause greater or equal" assertions='1'>
  </testcase>
  <testcase time='0.004512' file="test/hammerstone/models/conditions/date_with_time_condition_test.rb" name="test_0001_executes clause between" assertions='1'>
  </testcase>
  <testcase time='0.004544' file="test/hammerstone/models/conditions/date_with_time_condition_test.rb" name="test_0005_executes clause less than from now" assertions='1'>
  </testcase>
  <testcase time='0.004476' file="test/hammerstone/models/conditions/date_with_time_condition_test.rb" name="test_0002_executes clause greater than ago" assertions='1'>
  </testcase>
  <testcase time='0.004877' file="test/hammerstone/models/conditions/date_with_time_condition_test.rb" name="test_0007_executes clause less than or equal" assertions='1'>
  </testcase>
</testsuite>
