<?xml version="1.0" encoding="UTF-8"?>
<testsuite time='0.004569' skipped='0' failures='0' errors='0' name="Hammerstone::Refine::Conditions::HasClauses::configuration object to frontend::without single clause" assertions='1' tests='1' timestamp="2022-05-26T16:22:44-07:00">
  <testcase time='0.004569' file="test/hammerstone/models/clauses/has_clauses_test.rb" name="test_0001_removes clause from configuration" assertions='1'>
  </testcase>
</testsuite>
