<?xml version="1.0" encoding="UTF-8"?>
<testsuite time='0.000258' skipped='0' failures='0' errors='0' name="Refine::RailsTest" assertions='1' tests='1' timestamp="2022-04-14T21:03:53-07:00">
  <testcase time='0.000258' file="test/refine/rails_test.rb" name="test_it_has_a_version_number" assertions='1'>
  </testcase>
</testsuite>
